<?xml version="1.0" encoding="UTF-8"?>
<testsuite xmlns:xsi="http://www.w3.org/2001/XMLSchema-instance" xsi:noNamespaceSchemaLocation="https://maven.apache.org/surefire/maven-surefire-plugin/xsd/surefire-test-report-3.0.xsd" version="3.0" name="tests.OnlineOrderTest" time="126.71" tests="4" errors="0" skipped="0" failures="0">
  <properties>
    <property name="java.specification.version" value="21"/>
    <property name="sun.cpu.isalist" value="amd64"/>
    <property name="sun.jnu.encoding" value="Cp1252"/>
    <property name="java.class.path" value="C:\Automation Classes\AutomationFramework\target\test-classes;C:\Automation Classes\AutomationFramework\target\classes;C:\Users\khwez\.m2\repository\com\microsoft\playwright\playwright\1.44.0\playwright-1.44.0.jar;C:\Users\khwez\.m2\repository\com\google\code\gson\gson\2.10.1\gson-2.10.1.jar;C:\Users\khwez\.m2\repository\org\opentest4j\opentest4j\1.3.0\opentest4j-1.3.0.jar;C:\Users\khwez\.m2\repository\com\microsoft\playwright\driver\1.44.0\driver-1.44.0.jar;C:\Users\khwez\.m2\repository\com\microsoft\playwright\driver-bundle\1.44.0\driver-bundle-1.44.0.jar;C:\Users\khwez\.m2\repository\org\testng\testng\7.9.0\testng-7.9.0.jar;C:\Users\khwez\.m2\repository\org\slf4j\slf4j-api\1.7.36\slf4j-api-1.7.36.jar;C:\Users\khwez\.m2\repository\com\beust\jcommander\1.82\jcommander-1.82.jar;C:\Users\khwez\.m2\repository\org\webjars\jquery\3.7.1\jquery-3.7.1.jar;C:\Users\khwez\.m2\repository\org\slf4j\slf4j-simple\2.0.12\slf4j-simple-2.0.12.jar;"/>
    <property name="java.vm.vendor" value="Oracle Corporation"/>
    <property name="sun.arch.data.model" value="64"/>
    <property name="user.variant" value=""/>
    <property name="java.vendor.url" value="https://java.oracle.com/"/>
    <property name="user.timezone" value="Africa/Johannesburg"/>
    <property name="os.name" value="Windows 11"/>
    <property name="java.vm.specification.version" value="21"/>
    <property name="sun.java.launcher" value="SUN_STANDARD"/>
    <property name="user.country" value="ZA"/>
    <property name="sun.boot.library.path" value="C:\Program Files\Java\jdk-21\bin"/>
    <property name="sun.java.command" value="C:\Users\khwez\AppData\Local\Temp\surefire5639761757514134806\surefirebooter-20250812063814275_3.jar C:\Users\khwez\AppData\Local\Temp\surefire5639761757514134806 2025-08-12T06-38-14_054-jvmRun1 surefire-20250812063814275_1tmp surefire_0-20250812063814275_2tmp"/>
    <property name="jdk.debug" value="release"/>
    <property name="surefire.test.class.path" value="C:\Automation Classes\AutomationFramework\target\test-classes;C:\Automation Classes\AutomationFramework\target\classes;C:\Users\khwez\.m2\repository\com\microsoft\playwright\playwright\1.44.0\playwright-1.44.0.jar;C:\Users\khwez\.m2\repository\com\google\code\gson\gson\2.10.1\gson-2.10.1.jar;C:\Users\khwez\.m2\repository\org\opentest4j\opentest4j\1.3.0\opentest4j-1.3.0.jar;C:\Users\khwez\.m2\repository\com\microsoft\playwright\driver\1.44.0\driver-1.44.0.jar;C:\Users\khwez\.m2\repository\com\microsoft\playwright\driver-bundle\1.44.0\driver-bundle-1.44.0.jar;C:\Users\khwez\.m2\repository\org\testng\testng\7.9.0\testng-7.9.0.jar;C:\Users\khwez\.m2\repository\org\slf4j\slf4j-api\1.7.36\slf4j-api-1.7.36.jar;C:\Users\khwez\.m2\repository\com\beust\jcommander\1.82\jcommander-1.82.jar;C:\Users\khwez\.m2\repository\org\webjars\jquery\3.7.1\jquery-3.7.1.jar;C:\Users\khwez\.m2\repository\org\slf4j\slf4j-simple\2.0.12\slf4j-simple-2.0.12.jar;"/>
    <property name="sun.cpu.endian" value="little"/>
    <property name="user.home" value="C:\Users\khwez"/>
    <property name="user.language" value="en"/>
    <property name="java.specification.vendor" value="Oracle Corporation"/>
    <property name="java.version.date" value="2025-04-15"/>
    <property name="java.home" value="C:\Program Files\Java\jdk-21"/>
    <property name="file.separator" value="\"/>
    <property name="basedir" value="C:\Automation Classes\AutomationFramework"/>
    <property name="java.vm.compressedOopsMode" value="Zero based"/>
    <property name="line.separator" value="&#10;"/>
    <property name="java.vm.specification.vendor" value="Oracle Corporation"/>
    <property name="java.specification.name" value="Java Platform API Specification"/>
    <property name="surefire.real.class.path" value="C:\Users\khwez\AppData\Local\Temp\surefire5639761757514134806\surefirebooter-20250812063814275_3.jar"/>
    <property name="user.script" value=""/>
    <property name="sun.management.compiler" value="HotSpot 64-Bit Tiered Compilers"/>
    <property name="java.runtime.version" value="21.0.7+8-LTS-245"/>
    <property name="user.name" value="khwez"/>
    <property name="stdout.encoding" value="Cp1252"/>
    <property name="path.separator" value=";"/>
    <property name="os.version" value="10.0"/>
    <property name="java.runtime.name" value="Java(TM) SE Runtime Environment"/>
    <property name="file.encoding" value="UTF-8"/>
    <property name="java.vm.name" value="Java HotSpot(TM) 64-Bit Server VM"/>
    <property name="localRepository" value="C:\Users\khwez\.m2\repository"/>
    <property name="java.vendor.url.bug" value="https://bugreport.java.com/bugreport/"/>
    <property name="java.io.tmpdir" value="C:\Users\khwez\AppData\Local\Temp\"/>
    <property name="java.version" value="21.0.7"/>
    <property name="user.dir" value="C:\Automation Classes\AutomationFramework"/>
    <property name="os.arch" value="amd64"/>
    <property name="java.vm.specification.name" value="Java Virtual Machine Specification"/>
    <property name="sun.os.patch.level" value=""/>
    <property name="native.encoding" value="Cp1252"/>
    <property name="java.library.path" value="C:\Program Files\Java\jdk-21\bin;C:\WINDOWS\Sun\Java\bin;C:\WINDOWS\system32;C:\WINDOWS;C:\Program Files\Common Files\Oracle\Java\javapath;C:\WINDOWS\system32;C:\WINDOWS;C:\WINDOWS\System32\Wbem;C:\WINDOWS\System32\WindowsPowerShell\v1.0\;C:\WINDOWS\System32\OpenSSH\;C:\Program Files\Git\cmd;C:\Program Files\Java\jdk-21\bin;C:\Program Files\apache-maven-3.9.9\bin;C:\Program Files\nodejs\;C:\Program Files\Microsoft SQL Server\150\Tools\Binn\;C:\Program Files\Microsoft SQL Server\Client SDK\ODBC\170\Tools\Binn\;C:\Program Files\dotnet\;C:\Users\khwez\AppData\Local\Programs\Python\Python313\Scripts\;C:\Users\khwez\AppData\Local\Programs\Python\Python313\;C:\Users\khwez\AppData\Local\Microsoft\WindowsApps;C:\Users\khwez\AppData\Roaming\npm;C:\Users\khwez\.dotnet\tools;C:\Users\khwez\AppData\Local\GitHubDesktop\bin;C:\Users\khwez\AppData\Local\Programs\Windsurf\bin;C:\Users\khwez\AppData\Local\Programs\Microsoft VS Code\bin;."/>
    <property name="java.vm.info" value="mixed mode, sharing"/>
    <property name="stderr.encoding" value="Cp1252"/>
    <property name="java.vendor" value="Oracle Corporation"/>
    <property name="java.vm.version" value="21.0.7+8-LTS-245"/>
    <property name="sun.io.unicode.encoding" value="UnicodeLittle"/>
    <property name="java.class.version" value="65.0"/>
  </properties>
  <testcase name="testLogin" classname="tests.OnlineOrderTest" time="0.41">
    <system-out><![CDATA[[REPORT] Navigated to https://www.saucedemo.com
[REPORT] Login successful and Products page loaded.
]]></system-out>
    <system-err><![CDATA[SLF4J: Failed to load class "org.slf4j.impl.StaticLoggerBinder".
SLF4J: Defaulting to no-operation (NOP) logger implementation
SLF4J: See http://www.slf4j.org/codes.html#StaticLoggerBinder for further details.
]]></system-err>
  </testcase>
  <testcase name="testAddToCart" classname="tests.OnlineOrderTest" time="0.133">
    <system-out><![CDATA[[REPORT] Item added to cart and navigated to Cart page.
]]></system-out>
  </testcase>
  <testcase name="testCheckout" classname="tests.OnlineOrderTest" time="0.331">
    <system-out><![CDATA[[REPORT] Checkout information entered.
]]></system-out>
  </testcase>
  <testcase name="testFinishOrder" classname="tests.OnlineOrderTest" time="0.074">
    <system-out><![CDATA[[REPORT] Order finished.
]]></system-out>
  </testcase>
</testsuite>