<?xml version="1.0" encoding="UTF-8"?>
<!-- Generated by org.testng.reporters.JUnitReportReporter -->
<testsuite hostname="NTT-2QWCVT2" failures="0" tests="4" name="tests.OnlineOrderTest" time="0.939" errors="0" timestamp="2025-08-12T06:40:21 SAST" skipped="0">
  <testcase classname="tests.OnlineOrderTest" name="testFinishOrder" time="0.071"/>
  <testcase classname="tests.OnlineOrderTest" name="testAddToCart" time="0.128"/>
  <testcase classname="tests.OnlineOrderTest" name="testLogin" time="0.410"/>
  <testcase classname="tests.OnlineOrderTest" name="testCheckout" time="0.330"/>
</testsuite> <!-- tests.OnlineOrderTest -->
